Temp/gradleOut/launcher/build/outputs/logs/manifest-merger-release-report.txt
-- Merging decision tree log ---
manifest
ADDED from src/main/AndroidManifest.xml:3:1-9:12
INJECTED from src/main/AndroidManifest.xml:3:1-9:12
INJECTED from src/main/AndroidManifest.xml:3:1-9:12
INJECTED from src/main/AndroidManifest.xml:3:1-9:12
MERGED from [:unityLibrary] AndroidManifest.xml:3:1-63:12
MERGED from [com.android.support:multidex:1.0.2] AndroidManifest.xml:17:1-22:12
MERGED from [:Yodo1Ads:] AndroidManifest.xml:2:1-13:12
MERGED from [:androidx.activity.activity-1.1.0:] AndroidManifest.xml:17:1-24:12
MERGED from [:androidx.appcompat.appcompat-1.2.0:] AndroidManifest.xml:17:1-24:12
MERGED from [:androidx.appcompat.appcompat-resources-1.2.0:] AndroidManifest.xml:17:1-24:12
MERGED from [:androidx.arch.core.core-runtime-2.1.0:] AndroidManifest.xml:17:1-24:12
MERGED from [:androidx.asynclayoutinflater.asynclayoutinflater-1.0.0:] AndroidManifest.xml:17:1-22:12
MERGED from [:androidx.browser.browser-1.3.0:] AndroidManifest.xml:17:1-24:12
MERGED from [:androidx.constraintlayout.constraintlayout-2.0.4:] AndroidManifest.xml:2:1-11:12
MERGED from [:androidx.coordinatorlayout.coordinatorlayout-1.1.0:] AndroidManifest.xml:17:1-24:12
MERGED from [:androidx.core.core-1.3.2:] AndroidManifest.xml:17:1-26:12
MERGED from [:androidx.cursoradapter.cursoradapter-1.0.0:] AndroidManifest.xml:17:1-22:12
MERGED from [:androidx.customview.customview-1.0.0:] AndroidManifest.xml:17:1-22:12
MERGED from [:androidx.documentfile.documentfile-1.0.0:] AndroidManifest.xml:17:1-22:12
MERGED from [:androidx.drawerlayout.drawerlayout-1.0.0:] AndroidManifest.xml:17:1-22:12
MERGED from [:androidx.exifinterface.exifinterface-1.0.0:] AndroidManifest.xml:17:1-22:12
MERGED from [:androidx.fragment.fragment-1.2.5:] AndroidManifest.xml:17:1-24:12
MERGED from [:androidx.interpolator.interpolator-1.0.0:] AndroidManifest.xml:17:1-22:12
MERGED from [:androidx.legacy.legacy-support-core-ui-1.0.0:] AndroidManifest.xml:17:1-22:12
MERGED from [:androidx.legacy.legacy-support-core-utils-1.0.0:] AndroidManifest.xml:17:1-22:12
MERGED from [:androidx.legacy.legacy-support-v4-1.0.0:] AndroidManifest.xml:17:1-22:12
MERGED from [:androidx.lifecycle.lifecycle-livedata-2.0.0:] AndroidManifest.xml:17:1-22:12
MERGED from [:androidx.lifecycle.lifecycle-livedata-core-2.2.0:] AndroidManifest.xml:17:1-24:12
MERGED from [:androidx.lifecycle.lifecycle-process-2.2.0:] AndroidManifest.xml:17:1-22:12
MERGED from [:androidx.lifecycle.lifecycle-runtime-2.2.0:] AndroidManifest.xml:17:1-24:12
MERGED from [:androidx.lifecycle.lifecycle-service-2.0.0:] AndroidManifest.xml:17:1-22:12
MERGED from [:androidx.lifecycle.lifecycle-viewmodel-2.2.0:] AndroidManifest.xml:17:1-24:12
MERGED from [:androidx.lifecycle.lifecycle-viewmodel-savedstate-2.2.0:] AndroidManifest.xml:17:1-24:12
MERGED from [:androidx.loader.loader-1.0.0:] AndroidManifest.xml:17:1-22:12
MERGED from [:androidx.localbroadcastmanager.localbroadcastmanager-1.0.0:] AndroidManifest.xml:17:1-22:12
MERGED from [:androidx.media.media-1.0.0:] AndroidManifest.xml:17:1-22:12
MERGED from [:androidx.multidex.multidex-2.0.0:] AndroidManifest.xml:17:1-22:12
MERGED from [:androidx.print.print-1.0.0:] AndroidManifest.xml:17:1-22:12
MERGED from [:androidx.recyclerview.recyclerview-1.1.0:] AndroidManifest.xml:17:1-24:12
MERGED from [:androidx.room.room-runtime-2.1.0:] AndroidManifest.xml:17:1-30:12
MERGED from [:androidx.savedstate.savedstate-1.0.0:] AndroidManifest.xml:17:1-24:12
MERGED from [:androidx.slidingpanelayout.slidingpanelayout-1.0.0:] AndroidManifest.xml:17:1-22:12
MERGED from [:androidx.sqlite.sqlite-2.0.1:] AndroidManifest.xml:17:1-22:12
MERGED from [:androidx.sqlite.sqlite-framework-2.0.1:] AndroidManifest.xml:17:1-22:12
MERGED from [:androidx.swiperefreshlayout.swiperefreshlayout-1.0.0:] AndroidManifest.xml:17:1-22:12
MERGED from [:androidx.vectordrawable.vectordrawable-1.1.0:] AndroidManifest.xml:17:1-24:12
MERGED from [:androidx.vectordrawable.vectordrawable-animated-1.1.0:] AndroidManifest.xml:17:1-24:12
MERGED from [:androidx.versionedparcelable.versionedparcelable-1.1.0:] AndroidManifest.xml:17:1-27:12
MERGED from [:androidx.viewpager.viewpager-1.0.0:] AndroidManifest.xml:17:1-22:12
MERGED from [:androidx.work.work-runtime-2.1.0:] AndroidManifest.xml:17:1-63:12
MERGED from [:com.applovin.applovin-sdk-10.3.1:] AndroidManifest.xml:2:1-21:12
MERGED from [:com.applovin.mediation.google-adapter-20.2.0.2:] AndroidManifest.xml:2:1-15:12
MERGED from [:com.applovin.mediation.inmobi-adapter-9.9.9.4:] AndroidManifest.xml:2:1-20:12
MERGED from [:com.applovin.mediation.unityads-adapter-3.7.2.0:] AndroidManifest.xml:2:1-12:12
MERGED from [:com.applovin.mediation.vungle-adapter-6.9.1.0:] AndroidManifest.xml:2:1-14:12
MERGED from [:com.google.ads.mediation.applovin-10.3.1.0:] AndroidManifest.xml:2:1-11:12
MERGED from [:com.google.ads.mediation.inmobi-9.1.9.0:] AndroidManifest.xml:2:1-11:12
MERGED from [:com.google.ads.mediation.unity-3.7.2.0:] AndroidManifest.xml:2:1-9:12
MERGED from [:com.google.ads.mediation.vungle-6.9.1.1:] AndroidManifest.xml:2:1-11:12
MERGED from [:com.google.android.gms.play-services-ads-20.2.0:] AndroidManifest.xml:17:1-25:12
MERGED from [:com.google.android.gms.play-services-ads-base-20.2.0:] AndroidManifest.xml:2:1-9:12
MERGED from [:com.google.android.gms.play-services-ads-identifier-17.0.0:] AndroidManifest.xml:17:1-24:12
MERGED from [:com.google.android.gms.play-services-ads-lite-20.2.0:] AndroidManifest.xml:17:1-43:12
MERGED from [:com.google.android.gms.play-services-basement-17.6.0:] AndroidManifest.xml:17:1-28:12
MERGED from [:com.google.android.gms.play-services-measurement-base-18.0.0:] AndroidManifest.xml:2:1-9:12
MERGED from [:com.google.android.gms.play-services-measurement-sdk-api-18.0.0:] AndroidManifest.xml:17:1-27:12
MERGED from [:com.google.android.gms.play-services-tasks-17.0.0:] AndroidManifest.xml:2:1-9:12
MERGED from [:com.google.android.ump.user-messaging-platform-1.0.0:] AndroidManifest.xml:2:1-7:12
MERGED from [:com.inmobi.monetization.inmobi-ads-9.1.9:] AndroidManifest.xml:2:1-45:12
MERGED from [:com.squareup.picasso.picasso-2.71828:] AndroidManifest.xml:2:1-7:12
MERGED from [:com.unity3d.ads.unity-ads-3.7.2:] AndroidManifest.xml:2:1-37:12
MERGED from [:com.vungle.publisher-sdk-android-6.9.1:] AndroidManifest.xml:2:1-18:12
MERGED from [:com.yodo1.common.androidx-1.0.1:] AndroidManifest.xml:2:1-17:12
MERGED from [:com.yodo1.common.collection-1.1.4:] AndroidManifest.xml:2:1-16:12
MERGED from [:com.yodo1.common.kit-1.1.2:] AndroidManifest.xml:2:1-17:12
MERGED from [:com.yodo1.common.noHttp-1.1.2:] AndroidManifest.xml:2:1-20:12
MERGED from [:com.yodo1.common.online-config-1.0.3:] AndroidManifest.xml:2:1-9:12
MERGED from [:com.yodo1.common.sensor-1.0.4:] AndroidManifest.xml:2:1-19:12
MERGED from [:com.yodo1.mas.core-4.3.1:] AndroidManifest.xml:2:1-14:12
MERGED from [:com.yodo1.mas.google-4.3.1:] AndroidManifest.xml:2:1-31:12
MERGED from [:com.yodo1.mas.mediation.admob-4.3.1:] AndroidManifest.xml:2:1-29:12
MERGED from [:com.yodo1.mas.mediation.applovin-4.3.1:] AndroidManifest.xml:2:1-36:12
MERGED from [:com.yodo1.mas.mediation.inmobi-4.3.1:] AndroidManifest.xml:2:1-18:12
MERGED from [:com.yodo1.mas.mediation.unityads-4.3.1:] AndroidManifest.xml:2:1-19:12
MERGED from [:com.yodo1.mas.mediation.vungle-4.3.1:] AndroidManifest.xml:2:1-22:12
MERGED from [:com.yodo1.mas.mediation.yodo1-4.3.1:] AndroidManifest.xml:2:1-18:12
INJECTED from src/main/AndroidManifest.xml:3:1-9:12
INJECTED from src/main/AndroidManifest.xml:3:1-9:12
INJECTED from src/main/AndroidManifest.xml:3:1-9:12
	package
		ADDED from src/main/AndroidManifest.xml:3:70-99
		INJECTED from src/main/AndroidManifest.xml
		INJECTED from src/main/AndroidManifest.xml
	android:versionName
		INJECTED from src/main/AndroidManifest.xml
		ADDED from src/main/AndroidManifest.xml:3:1-9:12
		INJECTED from src/main/AndroidManifest.xml
	xmlns:tools
		ADDED from src/main/AndroidManifest.xml:3:100-146
	android:versionCode
		INJECTED from src/main/AndroidManifest.xml
		ADDED from src/main/AndroidManifest.xml:3:1-9:12
		INJECTED from src/main/AndroidManifest.xml
	xmlns:android
		ADDED from src/main/AndroidManifest.xml:3:11-69
	android:installLocation
		ADDED from src/main/AndroidManifest.xml:3:147-187
supports-screens
ADDED from src/main/AndroidManifest.xml:4:3-163
	android:largeScreens
		ADDED from src/main/AndroidManifest.xml:4:78-105
	android:smallScreens
		ADDED from src/main/AndroidManifest.xml:4:21-48
	android:normalScreens
		ADDED from src/main/AndroidManifest.xml:4:49-77
	android:xlargeScreens
		ADDED from src/main/AndroidManifest.xml:4:106-134
	android:anyDensity
		ADDED from src/main/AndroidManifest.xml:4:135-160
application
ADDED from src/main/AndroidManifest.xml:5:3-8:17
MERGED from [:unityLibrary] AndroidManifest.xml:27:5-61:19
MERGED from [:unityLibrary] AndroidManifest.xml:27:5-61:19
MERGED from [:Yodo1Ads:] AndroidManifest.xml:8:5-11:19
MERGED from [:Yodo1Ads:] AndroidManifest.xml:8:5-11:19
MERGED from [:androidx.constraintlayout.constraintlayout-2.0.4:] AndroidManifest.xml:9:5-20
MERGED from [:androidx.constraintlayout.constraintlayout-2.0.4:] AndroidManifest.xml:9:5-20
MERGED from [:androidx.core.core-1.3.2:] AndroidManifest.xml:24:5-89
MERGED from [:androidx.core.core-1.3.2:] AndroidManifest.xml:24:5-89
MERGED from [:androidx.lifecycle.lifecycle-process-2.2.0:] AndroidManifest.xml:19:3-21:17
MERGED from [:androidx.lifecycle.lifecycle-process-2.2.0:] AndroidManifest.xml:19:3-21:17
MERGED from [:androidx.room.room-runtime-2.1.0:] AndroidManifest.xml:24:5-28:19
MERGED from [:androidx.room.room-runtime-2.1.0:] AndroidManifest.xml:24:5-28:19
MERGED from [:androidx.versionedparcelable.versionedparcelable-1.1.0:] AndroidManifest.xml:24:5-25:19
MERGED from [:androidx.versionedparcelable.versionedparcelable-1.1.0:] AndroidManifest.xml:24:5-25:19
MERGED from [:androidx.work.work-runtime-2.1.0:] AndroidManifest.xml:22:3-62:17
MERGED from [:androidx.work.work-runtime-2.1.0:] AndroidManifest.xml:22:3-62:17
MERGED from [:com.applovin.applovin-sdk-10.3.1:] AndroidManifest.xml:6:3-20:17
MERGED from [:com.applovin.applovin-sdk-10.3.1:] AndroidManifest.xml:6:3-20:17
MERGED from [:com.applovin.mediation.google-adapter-20.2.0.2:] AndroidManifest.xml:13:5-20
MERGED from [:com.applovin.mediation.google-adapter-20.2.0.2:] AndroidManifest.xml:13:5-20
MERGED from [:com.applovin.mediation.inmobi-adapter-9.9.9.4:] AndroidManifest.xml:18:5-20
MERGED from [:com.applovin.mediation.inmobi-adapter-9.9.9.4:] AndroidManifest.xml:18:5-20
MERGED from [:com.applovin.mediation.unityads-adapter-3.7.2.0:] AndroidManifest.xml:10:5-20
MERGED from [:com.applovin.mediation.unityads-adapter-3.7.2.0:] AndroidManifest.xml:10:5-20
MERGED from [:com.google.android.gms.play-services-ads-base-20.2.0:] AndroidManifest.xml:7:5-20
MERGED from [:com.google.android.gms.play-services-ads-base-20.2.0:] AndroidManifest.xml:7:5-20
MERGED from [:com.google.android.gms.play-services-ads-identifier-17.0.0:] AndroidManifest.xml:22:5-20
MERGED from [:com.google.android.gms.play-services-ads-identifier-17.0.0:] AndroidManifest.xml:22:5-20
MERGED from [:com.google.android.gms.play-services-ads-lite-20.2.0:] AndroidManifest.xml:37:3-42:17
MERGED from [:com.google.android.gms.play-services-ads-lite-20.2.0:] AndroidManifest.xml:37:3-42:17
MERGED from [:com.google.android.gms.play-services-basement-17.6.0:] AndroidManifest.xml:22:5-26:19
MERGED from [:com.google.android.gms.play-services-basement-17.6.0:] AndroidManifest.xml:22:5-26:19
MERGED from [:com.google.android.gms.play-services-measurement-base-18.0.0:] AndroidManifest.xml:7:5-20
MERGED from [:com.google.android.gms.play-services-measurement-base-18.0.0:] AndroidManifest.xml:7:5-20
MERGED from [:com.google.android.gms.play-services-tasks-17.0.0:] AndroidManifest.xml:7:5-20
MERGED from [:com.google.android.gms.play-services-tasks-17.0.0:] AndroidManifest.xml:7:5-20
MERGED from [:com.inmobi.monetization.inmobi-ads-9.1.9:] AndroidManifest.xml:36:5-43:19
MERGED from [:com.inmobi.monetization.inmobi-ads-9.1.9:] AndroidManifest.xml:36:5-43:19
MERGED from [:com.squareup.picasso.picasso-2.71828:] AndroidManifest.xml:4:3-6:17
MERGED from [:com.squareup.picasso.picasso-2.71828:] AndroidManifest.xml:4:3-6:17
MERGED from [:com.unity3d.ads.unity-ads-3.7.2:] AndroidManifest.xml:14:5-35:19
MERGED from [:com.unity3d.ads.unity-ads-3.7.2:] AndroidManifest.xml:14:5-35:19
MERGED from [:com.vungle.publisher-sdk-android-6.9.1:] AndroidManifest.xml:8:3-17:17
MERGED from [:com.vungle.publisher-sdk-android-6.9.1:] AndroidManifest.xml:8:3-17:17
MERGED from [:com.yodo1.common.androidx-1.0.1:] AndroidManifest.xml:15:5-20
MERGED from [:com.yodo1.common.androidx-1.0.1:] AndroidManifest.xml:15:5-20
MERGED from [:com.yodo1.common.collection-1.1.4:] AndroidManifest.xml:11:5-14:19
MERGED from [:com.yodo1.common.collection-1.1.4:] AndroidManifest.xml:11:5-14:19
MERGED from [:com.yodo1.common.kit-1.1.2:] AndroidManifest.xml:15:5-20
MERGED from [:com.yodo1.common.kit-1.1.2:] AndroidManifest.xml:15:5-20
MERGED from [:com.yodo1.common.noHttp-1.1.2:] AndroidManifest.xml:15:5-18:19
MERGED from [:com.yodo1.common.noHttp-1.1.2:] AndroidManifest.xml:15:5-18:19
MERGED from [:com.yodo1.common.online-config-1.0.3:] AndroidManifest.xml:6:3-8:17
MERGED from [:com.yodo1.common.online-config-1.0.3:] AndroidManifest.xml:6:3-8:17
MERGED from [:com.yodo1.common.sensor-1.0.4:] AndroidManifest.xml:11:5-17:19
MERGED from [:com.yodo1.common.sensor-1.0.4:] AndroidManifest.xml:11:5-17:19
MERGED from [:com.yodo1.mas.google-4.3.1:] AndroidManifest.xml:16:5-29:19
MERGED from [:com.yodo1.mas.google-4.3.1:] AndroidManifest.xml:16:5-29:19
MERGED from [:com.yodo1.mas.mediation.admob-4.3.1:] AndroidManifest.xml:14:5-27:19
MERGED from [:com.yodo1.mas.mediation.admob-4.3.1:] AndroidManifest.xml:14:5-27:19
MERGED from [:com.yodo1.mas.mediation.applovin-4.3.1:] AndroidManifest.xml:14:5-34:19
MERGED from [:com.yodo1.mas.mediation.applovin-4.3.1:] AndroidManifest.xml:14:5-34:19
MERGED from [:com.yodo1.mas.mediation.inmobi-4.3.1:] AndroidManifest.xml:16:5-55
MERGED from [:com.yodo1.mas.mediation.inmobi-4.3.1:] AndroidManifest.xml:16:5-55
MERGED from [:com.yodo1.mas.mediation.unityads-4.3.1:] AndroidManifest.xml:14:5-17:19
MERGED from [:com.yodo1.mas.mediation.unityads-4.3.1:] AndroidManifest.xml:14:5-17:19
MERGED from [:com.yodo1.mas.mediation.vungle-4.3.1:] AndroidManifest.xml:10:3-21:17
MERGED from [:com.yodo1.mas.mediation.vungle-4.3.1:] AndroidManifest.xml:10:3-21:17
MERGED from [:com.yodo1.mas.mediation.yodo1-4.3.1:] AndroidManifest.xml:11:5-16:19
MERGED from [:com.yodo1.mas.mediation.yodo1-4.3.1:] AndroidManifest.xml:11:5-16:19
	android:supportsRtl
		ADDED from [:com.vungle.publisher-sdk-android-6.9.1:] AndroidManifest.xml:8:103-129
	android:appComponentFactory
		ADDED from [:androidx.core.core-1.3.2:] AndroidManifest.xml:24:18-86
	android:label
		ADDED from src/main/AndroidManifest.xml:5:16-48
	android:hardwareAccelerated
		ADDED from [:com.vungle.publisher-sdk-android-6.9.1:] AndroidManifest.xml:8:68-102
	android:fullBackupContent
		ADDED from [:com.vungle.publisher-sdk-android-6.9.1:] AndroidManifest.xml:8:16-67
	android:allowBackup
		ADDED from [:com.yodo1.common.collection-1.1.4:] AndroidManifest.xml:12:9-35
	android:icon
		ADDED from src/main/AndroidManifest.xml:5:49-80
	android:networkSecurityConfig
		ADDED from [:Yodo1Ads:] AndroidManifest.xml:9:9-69
	android:usesCleartextTraffic
		ADDED from [:Yodo1Ads:] AndroidManifest.xml:10:9-44
meta-data#com.google.android.gms.ads.APPLICATION_ID
ADDED from src/main/AndroidManifest.xml:6:5-130
	android:value
		ADDED from src/main/AndroidManifest.xml:6:73-127
	android:name
		ADDED from src/main/AndroidManifest.xml:6:16-72
meta-data#Yodo1ChannelCode
ADDED from src/main/AndroidManifest.xml:7:5-107
	tools:replace
		ADDED from src/main/AndroidManifest.xml:7:75-104
	android:value
		ADDED from src/main/AndroidManifest.xml:7:48-74
	android:name
		ADDED from src/main/AndroidManifest.xml:7:16-47
uses-sdk
INJECTED from src/main/AndroidManifest.xml reason: use-sdk injection requested
INJECTED from src/main/AndroidManifest.xml
INJECTED from src/main/AndroidManifest.xml
MERGED from [:unityLibrary] AndroidManifest.xml:9:5-11:41
MERGED from [:unityLibrary] AndroidManifest.xml:9:5-11:41
MERGED from [com.android.support:multidex:1.0.2] AndroidManifest.xml:20:5-43
MERGED from [com.android.support:multidex:1.0.2] AndroidManifest.xml:20:5-43
MERGED from [:Yodo1Ads:] AndroidManifest.xml:6:5-47
MERGED from [:Yodo1Ads:] AndroidManifest.xml:6:5-47
MERGED from [:androidx.activity.activity-1.1.0:] AndroidManifest.xml:20:5-22:41
MERGED from [:androidx.activity.activity-1.1.0:] AndroidManifest.xml:20:5-22:41
MERGED from [:androidx.appcompat.appcompat-1.2.0:] AndroidManifest.xml:20:5-22:41
MERGED from [:androidx.appcompat.appcompat-1.2.0:] AndroidManifest.xml:20:5-22:41
MERGED from [:androidx.appcompat.appcompat-resources-1.2.0:] AndroidManifest.xml:20:5-22:41
MERGED from [:androidx.appcompat.appcompat-resources-1.2.0:] AndroidManifest.xml:20:5-22:41
MERGED from [:androidx.arch.core.core-runtime-2.1.0:] AndroidManifest.xml:20:5-22:41
MERGED from [:androidx.arch.core.core-runtime-2.1.0:] AndroidManifest.xml:20:5-22:41
MERGED from [:androidx.asynclayoutinflater.asynclayoutinflater-1.0.0:] AndroidManifest.xml:20:5-44
MERGED from [:androidx.asynclayoutinflater.asynclayoutinflater-1.0.0:] AndroidManifest.xml:20:5-44
MERGED from [:androidx.browser.browser-1.3.0:] AndroidManifest.xml:20:5-22:41
MERGED from [:androidx.browser.browser-1.3.0:] AndroidManifest.xml:20:5-22:41
MERGED from [:androidx.constraintlayout.constraintlayout-2.0.4:] AndroidManifest.xml:5:5-7:41
MERGED from [:androidx.constraintlayout.constraintlayout-2.0.4:] AndroidManifest.xml:5:5-7:41
MERGED from [:androidx.coordinatorlayout.coordinatorlayout-1.1.0:] AndroidManifest.xml:20:5-22:41
MERGED from [:androidx.coordinatorlayout.coordinatorlayout-1.1.0:] AndroidManifest.xml:20:5-22:41
MERGED from [:androidx.core.core-1.3.2:] AndroidManifest.xml:20:5-22:41
MERGED from [:androidx.core.core-1.3.2:] AndroidManifest.xml:20:5-22:41
MERGED from [:androidx.cursoradapter.cursoradapter-1.0.0:] AndroidManifest.xml:20:5-44
MERGED from [:androidx.cursoradapter.cursoradapter-1.0.0:] AndroidManifest.xml:20:5-44
MERGED from [:androidx.customview.customview-1.0.0:] AndroidManifest.xml:20:5-44
MERGED from [:androidx.customview.customview-1.0.0:] AndroidManifest.xml:20:5-44
MERGED from [:androidx.documentfile.documentfile-1.0.0:] AndroidManifest.xml:20:5-44
MERGED from [:androidx.documentfile.documentfile-1.0.0:] AndroidManifest.xml:20:5-44
MERGED from [:androidx.drawerlayout.drawerlayout-1.0.0:] AndroidManifest.xml:20:5-44
MERGED from [:androidx.drawerlayout.drawerlayout-1.0.0:] AndroidManifest.xml:20:5-44
MERGED from [:androidx.exifinterface.exifinterface-1.0.0:] AndroidManifest.xml:20:5-44
MERGED from [:androidx.exifinterface.exifinterface-1.0.0:] AndroidManifest.xml:20:5-44
MERGED from [:androidx.fragment.fragment-1.2.5:] AndroidManifest.xml:20:5-22:41
MERGED from [:androidx.fragment.fragment-1.2.5:] AndroidManifest.xml:20:5-22:41
MERGED from [:androidx.interpolator.interpolator-1.0.0:] AndroidManifest.xml:20:5-44
MERGED from [:androidx.interpolator.interpolator-1.0.0:] AndroidManifest.xml:20:5-44
MERGED from [:androidx.legacy.legacy-support-core-ui-1.0.0:] AndroidManifest.xml:20:5-44
MERGED from [:androidx.legacy.legacy-support-core-ui-1.0.0:] AndroidManifest.xml:20:5-44
MERGED from [:androidx.legacy.legacy-support-core-utils-1.0.0:] AndroidManifest.xml:20:5-44
MERGED from [:androidx.legacy.legacy-support-core-utils-1.0.0:] AndroidManifest.xml:20:5-44
MERGED from [:androidx.legacy.legacy-support-v4-1.0.0:] AndroidManifest.xml:20:5-44
MERGED from [:androidx.legacy.legacy-support-v4-1.0.0:] AndroidManifest.xml:20:5-44
MERGED from [:androidx.lifecycle.lifecycle-livedata-2.0.0:] AndroidManifest.xml:20:5-44
MERGED from [:androidx.lifecycle.lifecycle-livedata-2.0.0:] AndroidManifest.xml:20:5-44
MERGED from [:androidx.lifecycle.lifecycle-livedata-core-2.2.0:] AndroidManifest.xml:20:5-22:41
MERGED from [:androidx.lifecycle.lifecycle-livedata-core-2.2.0:] AndroidManifest.xml:20:5-22:41
MERGED from [:androidx.lifecycle.lifecycle-process-2.2.0:] AndroidManifest.xml:18:3-72
MERGED from [:androidx.lifecycle.lifecycle-process-2.2.0:] AndroidManifest.xml:18:3-72
MERGED from [:androidx.lifecycle.lifecycle-runtime-2.2.0:] AndroidManifest.xml:20:5-22:41
MERGED from [:androidx.lifecycle.lifecycle-runtime-2.2.0:] AndroidManifest.xml:20:5-22:41
MERGED from [:androidx.lifecycle.lifecycle-service-2.0.0:] AndroidManifest.xml:20:5-44
MERGED from [:androidx.lifecycle.lifecycle-service-2.0.0:] AndroidManifest.xml:20:5-44
MERGED from [:androidx.lifecycle.lifecycle-viewmodel-2.2.0:] AndroidManifest.xml:20:5-22:41
MERGED from [:androidx.lifecycle.lifecycle-viewmodel-2.2.0:] AndroidManifest.xml:20:5-22:41
MERGED from [:androidx.lifecycle.lifecycle-viewmodel-savedstate-2.2.0:] AndroidManifest.xml:20:5-22:41
MERGED from [:androidx.lifecycle.lifecycle-viewmodel-savedstate-2.2.0:] AndroidManifest.xml:20:5-22:41
MERGED from [:androidx.loader.loader-1.0.0:] AndroidManifest.xml:20:5-44
MERGED from [:androidx.loader.loader-1.0.0:] AndroidManifest.xml:20:5-44
MERGED from [:androidx.localbroadcastmanager.localbroadcastmanager-1.0.0:] AndroidManifest.xml:20:5-44
MERGED from [:androidx.localbroadcastmanager.localbroadcastmanager-1.0.0:] AndroidManifest.xml:20:5-44
MERGED from [:androidx.media.media-1.0.0:] AndroidManifest.xml:20:5-44
MERGED from [:androidx.media.media-1.0.0:] AndroidManifest.xml:20:5-44
MERGED from [:androidx.multidex.multidex-2.0.0:] AndroidManifest.xml:20:5-43
MERGED from [:androidx.multidex.multidex-2.0.0:] AndroidManifest.xml:20:5-43
MERGED from [:androidx.print.print-1.0.0:] AndroidManifest.xml:20:5-44
MERGED from [:androidx.print.print-1.0.0:] AndroidManifest.xml:20:5-44
MERGED from [:androidx.recyclerview.recyclerview-1.1.0:] AndroidManifest.xml:20:5-22:41
MERGED from [:androidx.recyclerview.recyclerview-1.1.0:] AndroidManifest.xml:20:5-22:41
MERGED from [:androidx.room.room-runtime-2.1.0:] AndroidManifest.xml:20:5-22:41
MERGED from [:androidx.room.room-runtime-2.1.0:] AndroidManifest.xml:20:5-22:41
MERGED from [:androidx.savedstate.savedstate-1.0.0:] AndroidManifest.xml:20:5-22:41
MERGED from [:androidx.savedstate.savedstate-1.0.0:] AndroidManifest.xml:20:5-22:41
MERGED from [:androidx.slidingpanelayout.slidingpanelayout-1.0.0:] AndroidManifest.xml:20:5-44
MERGED from [:androidx.slidingpanelayout.slidingpanelayout-1.0.0:] AndroidManifest.xml:20:5-44
MERGED from [:androidx.sqlite.sqlite-2.0.1:] AndroidManifest.xml:20:5-44
MERGED from [:androidx.sqlite.sqlite-2.0.1:] AndroidManifest.xml:20:5-44
MERGED from [:androidx.sqlite.sqlite-framework-2.0.1:] AndroidManifest.xml:20:5-44
MERGED from [:androidx.sqlite.sqlite-framework-2.0.1:] AndroidManifest.xml:20:5-44
MERGED from [:androidx.swiperefreshlayout.swiperefreshlayout-1.0.0:] AndroidManifest.xml:20:5-44
MERGED from [:androidx.swiperefreshlayout.swiperefreshlayout-1.0.0:] AndroidManifest.xml:20:5-44
MERGED from [:androidx.vectordrawable.vectordrawable-1.1.0:] AndroidManifest.xml:20:5-22:41
MERGED from [:androidx.vectordrawable.vectordrawable-1.1.0:] AndroidManifest.xml:20:5-22:41
MERGED from [:androidx.vectordrawable.vectordrawable-animated-1.1.0:] AndroidManifest.xml:20:5-22:41
MERGED from [:androidx.vectordrawable.vectordrawable-animated-1.1.0:] AndroidManifest.xml:20:5-22:41
MERGED from [:androidx.versionedparcelable.versionedparcelable-1.1.0:] AndroidManifest.xml:20:5-22:41
MERGED from [:androidx.versionedparcelable.versionedparcelable-1.1.0:] AndroidManifest.xml:20:5-22:41
MERGED from [:androidx.viewpager.viewpager-1.0.0:] AndroidManifest.xml:20:5-44
MERGED from [:androidx.viewpager.viewpager-1.0.0:] AndroidManifest.xml:20:5-44
MERGED from [:androidx.work.work-runtime-2.1.0:] AndroidManifest.xml:18:3-72
MERGED from [:androidx.work.work-runtime-2.1.0:] AndroidManifest.xml:18:3-72
MERGED from [:com.applovin.applovin-sdk-10.3.1:] AndroidManifest.xml:3:3-72
MERGED from [:com.applovin.applovin-sdk-10.3.1:] AndroidManifest.xml:3:3-72
MERGED from [:com.applovin.mediation.google-adapter-20.2.0.2:] AndroidManifest.xml:6:5-8:41
MERGED from [:com.applovin.mediation.google-adapter-20.2.0.2:] AndroidManifest.xml:6:5-8:41
MERGED from [:com.applovin.mediation.inmobi-adapter-9.9.9.4:] AndroidManifest.xml:11:5-13:41
MERGED from [:com.applovin.mediation.inmobi-adapter-9.9.9.4:] AndroidManifest.xml:11:5-13:41
MERGED from [:com.applovin.mediation.unityads-adapter-3.7.2.0:] AndroidManifest.xml:6:5-8:41
MERGED from [:com.applovin.mediation.unityads-adapter-3.7.2.0:] AndroidManifest.xml:6:5-8:41
MERGED from [:com.applovin.mediation.vungle-adapter-6.9.1.0:] AndroidManifest.xml:7:5-9:41
MERGED from [:com.applovin.mediation.vungle-adapter-6.9.1.0:] AndroidManifest.xml:7:5-9:41
MERGED from [:com.google.ads.mediation.applovin-10.3.1.0:] AndroidManifest.xml:7:5-9:41
MERGED from [:com.google.ads.mediation.applovin-10.3.1.0:] AndroidManifest.xml:7:5-9:41
MERGED from [:com.google.ads.mediation.inmobi-9.1.9.0:] AndroidManifest.xml:7:5-9:41
MERGED from [:com.google.ads.mediation.inmobi-9.1.9.0:] AndroidManifest.xml:7:5-9:41
MERGED from [:com.google.ads.mediation.unity-3.7.2.0:] AndroidManifest.xml:5:5-7:41
MERGED from [:com.google.ads.mediation.unity-3.7.2.0:] AndroidManifest.xml:5:5-7:41
MERGED from [:com.google.ads.mediation.vungle-6.9.1.1:] AndroidManifest.xml:7:5-9:41
MERGED from [:com.google.ads.mediation.vungle-6.9.1.1:] AndroidManifest.xml:7:5-9:41
MERGED from [:com.google.android.gms.play-services-ads-20.2.0:] AndroidManifest.xml:21:5-23:52
MERGED from [:com.google.android.gms.play-services-ads-20.2.0:] AndroidManifest.xml:21:5-23:52
MERGED from [:com.google.android.gms.play-services-ads-base-20.2.0:] AndroidManifest.xml:5:5-44
MERGED from [:com.google.android.gms.play-services-ads-base-20.2.0:] AndroidManifest.xml:5:5-44
MERGED from [:com.google.android.gms.play-services-ads-identifier-17.0.0:] AndroidManifest.xml:20:5-44
MERGED from [:com.google.android.gms.play-services-ads-identifier-17.0.0:] AndroidManifest.xml:20:5-44
MERGED from [:com.google.android.gms.play-services-ads-lite-20.2.0:] AndroidManifest.xml:18:3-42
MERGED from [:com.google.android.gms.play-services-ads-lite-20.2.0:] AndroidManifest.xml:18:3-42
MERGED from [:com.google.android.gms.play-services-basement-17.6.0:] AndroidManifest.xml:20:5-44
MERGED from [:com.google.android.gms.play-services-basement-17.6.0:] AndroidManifest.xml:20:5-44
MERGED from [:com.google.android.gms.play-services-measurement-base-18.0.0:] AndroidManifest.xml:5:5-44
MERGED from [:com.google.android.gms.play-services-measurement-base-18.0.0:] AndroidManifest.xml:5:5-44
MERGED from [:com.google.android.gms.play-services-measurement-sdk-api-18.0.0:] AndroidManifest.xml:20:5-44
MERGED from [:com.google.android.gms.play-services-measurement-sdk-api-18.0.0:] AndroidManifest.xml:20:5-44
MERGED from [:com.google.android.gms.play-services-tasks-17.0.0:] AndroidManifest.xml:5:5-44
MERGED from [:com.google.android.gms.play-services-tasks-17.0.0:] AndroidManifest.xml:5:5-44
MERGED from [:com.google.android.ump.user-messaging-platform-1.0.0:] AndroidManifest.xml:5:5-44
MERGED from [:com.google.android.ump.user-messaging-platform-1.0.0:] AndroidManifest.xml:5:5-44
MERGED from [:com.inmobi.monetization.inmobi-ads-9.1.9:] AndroidManifest.xml:8:5-10:41
MERGED from [:com.inmobi.monetization.inmobi-ads-9.1.9:] AndroidManifest.xml:8:5-10:41
MERGED from [:com.squareup.picasso.picasso-2.71828:] AndroidManifest.xml:3:3-42
MERGED from [:com.squareup.picasso.picasso-2.71828:] AndroidManifest.xml:3:3-42
MERGED from [:com.unity3d.ads.unity-ads-3.7.2:] AndroidManifest.xml:7:5-9:41
MERGED from [:com.unity3d.ads.unity-ads-3.7.2:] AndroidManifest.xml:7:5-9:41
MERGED from [:com.vungle.publisher-sdk-android-6.9.1:] AndroidManifest.xml:3:3-72
MERGED from [:com.vungle.publisher-sdk-android-6.9.1:] AndroidManifest.xml:3:3-72
MERGED from [:com.yodo1.common.androidx-1.0.1:] AndroidManifest.xml:7:5-9:41
MERGED from [:com.yodo1.common.androidx-1.0.1:] AndroidManifest.xml:7:5-9:41
MERGED from [:com.yodo1.common.collection-1.1.4:] AndroidManifest.xml:7:5-9:41
MERGED from [:com.yodo1.common.collection-1.1.4:] AndroidManifest.xml:7:5-9:41
MERGED from [:com.yodo1.common.kit-1.1.2:] AndroidManifest.xml:7:5-9:41
MERGED from [:com.yodo1.common.kit-1.1.2:] AndroidManifest.xml:7:5-9:41
MERGED from [:com.yodo1.common.noHttp-1.1.2:] AndroidManifest.xml:7:5-9:41
MERGED from [:com.yodo1.common.noHttp-1.1.2:] AndroidManifest.xml:7:5-9:41
MERGED from [:com.yodo1.common.online-config-1.0.3:] AndroidManifest.xml:3:3-72
MERGED from [:com.yodo1.common.online-config-1.0.3:] AndroidManifest.xml:3:3-72
MERGED from [:com.yodo1.common.sensor-1.0.4:] AndroidManifest.xml:7:5-9:41
MERGED from [:com.yodo1.common.sensor-1.0.4:] AndroidManifest.xml:7:5-9:41
MERGED from [:com.yodo1.mas.core-4.3.1:] AndroidManifest.xml:7:5-9:41
MERGED from [:com.yodo1.mas.core-4.3.1:] AndroidManifest.xml:7:5-9:41
MERGED from [:com.yodo1.mas.google-4.3.1:] AndroidManifest.xml:8:5-10:41
MERGED from [:com.yodo1.mas.google-4.3.1:] AndroidManifest.xml:8:5-10:41
MERGED from [:com.yodo1.mas.mediation.admob-4.3.1:] AndroidManifest.xml:7:5-9:41
MERGED from [:com.yodo1.mas.mediation.admob-4.3.1:] AndroidManifest.xml:7:5-9:41
MERGED from [:com.yodo1.mas.mediation.applovin-4.3.1:] AndroidManifest.xml:7:5-9:41
MERGED from [:com.yodo1.mas.mediation.applovin-4.3.1:] AndroidManifest.xml:7:5-9:41
MERGED from [:com.yodo1.mas.mediation.inmobi-4.3.1:] AndroidManifest.xml:7:5-9:41
MERGED from [:com.yodo1.mas.mediation.inmobi-4.3.1:] AndroidManifest.xml:7:5-9:41
MERGED from [:com.yodo1.mas.mediation.unityads-4.3.1:] AndroidManifest.xml:7:5-9:41
MERGED from [:com.yodo1.mas.mediation.unityads-4.3.1:] AndroidManifest.xml:7:5-9:41
MERGED from [:com.yodo1.mas.mediation.vungle-4.3.1:] AndroidManifest.xml:3:3-72
MERGED from [:com.yodo1.mas.mediation.vungle-4.3.1:] AndroidManifest.xml:3:3-72